C:\Program Files\Microsoft Visual Studio\2022\Community\MSBuild\Microsoft\VC\v170\Microsoft.CppBuild.targets(534,5): warning MSB8028: The intermediate directory (x64\Debug\) contains files shared from another project (ConsoleApplication1.vcxproj).  This can lead to incorrect clean and rebuild behavior.
  Main.cpp
C:\Users\Future\Downloads\MyGit\sp-project\ConsoleApplication1\Main.cpp(258,28): warning C4244: 'initializing': conversion from 'int' to 'float', possible loss of data
C:\Users\Future\Downloads\MyGit\sp-project\ConsoleApplication1\Main.cpp(261,18): warning C4244: '=': conversion from 'float' to 'int', possible loss of data
C:\Users\Future\Downloads\MyGit\sp-project\ConsoleApplication1\Main.cpp(590,24): warning C4305: 'argument': truncation from 'double' to 'float'
C:\Users\Future\Downloads\MyGit\sp-project\ConsoleApplication1\Main.cpp(591,22): warning C4244: '=': conversion from 'float' to 'int', possible loss of data
C:\Users\Future\Downloads\MyGit\sp-project\ConsoleApplication1\Main.cpp(592,25): warning C4244: '=': conversion from 'float' to 'int', possible loss of data
C:\Users\Future\Downloads\MyGit\sp-project\ConsoleApplication1\Main.cpp(594,21): warning C4244: '=': conversion from 'float' to 'int', possible loss of data
C:\Users\Future\Downloads\MyGit\sp-project\ConsoleApplication1\Main.cpp(645,28): warning C4305: 'argument': truncation from 'double' to 'float'
C:\Users\Future\Downloads\MyGit\sp-project\ConsoleApplication1\Main.cpp(649,28): warning C4305: 'argument': truncation from 'double' to 'float'
C:\Users\Future\Downloads\MyGit\sp-project\ConsoleApplication1\Main.cpp(720,24): warning C4305: 'argument': truncation from 'double' to 'float'
C:\Users\Future\Downloads\MyGit\sp-project\ConsoleApplication1\Main.cpp(721,22): warning C4244: '=': conversion from 'float' to 'int', possible loss of data
C:\Users\Future\Downloads\MyGit\sp-project\ConsoleApplication1\Main.cpp(722,25): warning C4244: '=': conversion from 'float' to 'int', possible loss of data
C:\Users\Future\Downloads\MyGit\sp-project\ConsoleApplication1\Main.cpp(724,21): warning C4244: '=': conversion from 'float' to 'int', possible loss of data
C:\Users\Future\Downloads\MyGit\sp-project\ConsoleApplication1\Main.cpp(776,28): warning C4305: 'argument': truncation from 'double' to 'float'
C:\Users\Future\Downloads\MyGit\sp-project\ConsoleApplication1\Main.cpp(780,28): warning C4305: 'argument': truncation from 'double' to 'float'
C:\Users\Future\Downloads\MyGit\sp-project\ConsoleApplication1\Main.cpp(854,22): warning C4244: '=': conversion from 'float' to 'int', possible loss of data
C:\Users\Future\Downloads\MyGit\sp-project\ConsoleApplication1\Main.cpp(855,25): warning C4244: '=': conversion from 'float' to 'int', possible loss of data
C:\Users\Future\Downloads\MyGit\sp-project\ConsoleApplication1\Main.cpp(856,21): warning C4244: '=': conversion from 'float' to 'int', possible loss of data
C:\Users\Future\Downloads\MyGit\sp-project\ConsoleApplication1\Main.cpp(903,82): warning C4244: 'argument': conversion from 'double' to 'T', possible loss of data
C:\Users\Future\Downloads\MyGit\sp-project\ConsoleApplication1\Main.cpp(903,82): warning C4244:         with
C:\Users\Future\Downloads\MyGit\sp-project\ConsoleApplication1\Main.cpp(903,82): warning C4244:         [
C:\Users\Future\Downloads\MyGit\sp-project\ConsoleApplication1\Main.cpp(903,82): warning C4244:             T=int
C:\Users\Future\Downloads\MyGit\sp-project\ConsoleApplication1\Main.cpp(903,82): warning C4244:         ]
C:\Users\Future\Downloads\MyGit\sp-project\ConsoleApplication1\Main.cpp(903,65): warning C4244: 'argument': conversion from 'double' to 'T', possible loss of data
C:\Users\Future\Downloads\MyGit\sp-project\ConsoleApplication1\Main.cpp(903,65): warning C4244:         with
C:\Users\Future\Downloads\MyGit\sp-project\ConsoleApplication1\Main.cpp(903,65): warning C4244:         [
C:\Users\Future\Downloads\MyGit\sp-project\ConsoleApplication1\Main.cpp(903,65): warning C4244:             T=int
C:\Users\Future\Downloads\MyGit\sp-project\ConsoleApplication1\Main.cpp(903,65): warning C4244:         ]
C:\Users\Future\Downloads\MyGit\sp-project\ConsoleApplication1\Main.cpp(983,22): warning C4244: '=': conversion from 'float' to 'int', possible loss of data
C:\Users\Future\Downloads\MyGit\sp-project\ConsoleApplication1\Main.cpp(984,25): warning C4244: '=': conversion from 'float' to 'int', possible loss of data
C:\Users\Future\Downloads\MyGit\sp-project\ConsoleApplication1\Main.cpp(986,20): warning C4244: '=': conversion from 'float' to 'int', possible loss of data
C:\Users\Future\Downloads\MyGit\sp-project\ConsoleApplication1\Main.cpp(989,25): warning C4305: 'argument': truncation from 'double' to 'float'
C:\Users\Future\Downloads\MyGit\sp-project\ConsoleApplication1\Main.cpp(1034,73): warning C4244: 'argument': conversion from 'double' to 'T', possible loss of data
C:\Users\Future\Downloads\MyGit\sp-project\ConsoleApplication1\Main.cpp(1034,73): warning C4244:         with
C:\Users\Future\Downloads\MyGit\sp-project\ConsoleApplication1\Main.cpp(1034,73): warning C4244:         [
C:\Users\Future\Downloads\MyGit\sp-project\ConsoleApplication1\Main.cpp(1034,73): warning C4244:             T=int
C:\Users\Future\Downloads\MyGit\sp-project\ConsoleApplication1\Main.cpp(1034,73): warning C4244:         ]
C:\Users\Future\Downloads\MyGit\sp-project\ConsoleApplication1\Main.cpp(1034,43): warning C4244: 'argument': conversion from 'double' to 'T', possible loss of data
C:\Users\Future\Downloads\MyGit\sp-project\ConsoleApplication1\Main.cpp(1034,43): warning C4244:         with
C:\Users\Future\Downloads\MyGit\sp-project\ConsoleApplication1\Main.cpp(1034,43): warning C4244:         [
C:\Users\Future\Downloads\MyGit\sp-project\ConsoleApplication1\Main.cpp(1034,43): warning C4244:             T=int
C:\Users\Future\Downloads\MyGit\sp-project\ConsoleApplication1\Main.cpp(1034,43): warning C4244:         ]
C:\Users\Future\Downloads\MyGit\sp-project\ConsoleApplication1\Main.cpp(1107,23): warning C4244: '=': conversion from 'float' to 'int', possible loss of data
C:\Users\Future\Downloads\MyGit\sp-project\ConsoleApplication1\Main.cpp(1108,26): warning C4244: '=': conversion from 'float' to 'int', possible loss of data
C:\Users\Future\Downloads\MyGit\sp-project\ConsoleApplication1\Main.cpp(1110,21): warning C4244: '=': conversion from 'float' to 'int', possible loss of data
C:\Users\Future\Downloads\MyGit\sp-project\ConsoleApplication1\Main.cpp(1166,140): warning C4244: 'argument': conversion from 'double' to 'T', possible loss of data
C:\Users\Future\Downloads\MyGit\sp-project\ConsoleApplication1\Main.cpp(1166,140): warning C4244:         with
C:\Users\Future\Downloads\MyGit\sp-project\ConsoleApplication1\Main.cpp(1166,140): warning C4244:         [
C:\Users\Future\Downloads\MyGit\sp-project\ConsoleApplication1\Main.cpp(1166,140): warning C4244:             T=int
C:\Users\Future\Downloads\MyGit\sp-project\ConsoleApplication1\Main.cpp(1166,140): warning C4244:         ]
C:\Users\Future\Downloads\MyGit\sp-project\ConsoleApplication1\Main.cpp(1166,105): warning C4244: 'argument': conversion from 'double' to 'T', possible loss of data
C:\Users\Future\Downloads\MyGit\sp-project\ConsoleApplication1\Main.cpp(1166,105): warning C4244:         with
C:\Users\Future\Downloads\MyGit\sp-project\ConsoleApplication1\Main.cpp(1166,105): warning C4244:         [
C:\Users\Future\Downloads\MyGit\sp-project\ConsoleApplication1\Main.cpp(1166,105): warning C4244:             T=int
C:\Users\Future\Downloads\MyGit\sp-project\ConsoleApplication1\Main.cpp(1166,105): warning C4244:         ]
C:\Users\Future\Downloads\MyGit\sp-project\ConsoleApplication1\Main.cpp(1171,140): warning C4244: 'argument': conversion from 'double' to 'T', possible loss of data
C:\Users\Future\Downloads\MyGit\sp-project\ConsoleApplication1\Main.cpp(1171,140): warning C4244:         with
C:\Users\Future\Downloads\MyGit\sp-project\ConsoleApplication1\Main.cpp(1171,140): warning C4244:         [
C:\Users\Future\Downloads\MyGit\sp-project\ConsoleApplication1\Main.cpp(1171,140): warning C4244:             T=int
C:\Users\Future\Downloads\MyGit\sp-project\ConsoleApplication1\Main.cpp(1171,140): warning C4244:         ]
C:\Users\Future\Downloads\MyGit\sp-project\ConsoleApplication1\Main.cpp(1171,105): warning C4244: 'argument': conversion from 'double' to 'T', possible loss of data
C:\Users\Future\Downloads\MyGit\sp-project\ConsoleApplication1\Main.cpp(1171,105): warning C4244:         with
C:\Users\Future\Downloads\MyGit\sp-project\ConsoleApplication1\Main.cpp(1171,105): warning C4244:         [
C:\Users\Future\Downloads\MyGit\sp-project\ConsoleApplication1\Main.cpp(1171,105): warning C4244:             T=int
C:\Users\Future\Downloads\MyGit\sp-project\ConsoleApplication1\Main.cpp(1171,105): warning C4244:         ]
C:\Users\Future\Downloads\MyGit\sp-project\ConsoleApplication1\Main.cpp(1176,141): warning C4244: 'argument': conversion from 'double' to 'T', possible loss of data
C:\Users\Future\Downloads\MyGit\sp-project\ConsoleApplication1\Main.cpp(1176,141): warning C4244:         with
C:\Users\Future\Downloads\MyGit\sp-project\ConsoleApplication1\Main.cpp(1176,141): warning C4244:         [
C:\Users\Future\Downloads\MyGit\sp-project\ConsoleApplication1\Main.cpp(1176,141): warning C4244:             T=int
C:\Users\Future\Downloads\MyGit\sp-project\ConsoleApplication1\Main.cpp(1176,141): warning C4244:         ]
C:\Users\Future\Downloads\MyGit\sp-project\ConsoleApplication1\Main.cpp(1176,106): warning C4244: 'argument': conversion from 'double' to 'T', possible loss of data
C:\Users\Future\Downloads\MyGit\sp-project\ConsoleApplication1\Main.cpp(1176,106): warning C4244:         with
C:\Users\Future\Downloads\MyGit\sp-project\ConsoleApplication1\Main.cpp(1176,106): warning C4244:         [
C:\Users\Future\Downloads\MyGit\sp-project\ConsoleApplication1\Main.cpp(1176,106): warning C4244:             T=int
C:\Users\Future\Downloads\MyGit\sp-project\ConsoleApplication1\Main.cpp(1176,106): warning C4244:         ]
C:\Users\Future\Downloads\MyGit\sp-project\ConsoleApplication1\Main.cpp(1181,141): warning C4244: 'argument': conversion from 'double' to 'T', possible loss of data
C:\Users\Future\Downloads\MyGit\sp-project\ConsoleApplication1\Main.cpp(1181,141): warning C4244:         with
C:\Users\Future\Downloads\MyGit\sp-project\ConsoleApplication1\Main.cpp(1181,141): warning C4244:         [
C:\Users\Future\Downloads\MyGit\sp-project\ConsoleApplication1\Main.cpp(1181,141): warning C4244:             T=int
C:\Users\Future\Downloads\MyGit\sp-project\ConsoleApplication1\Main.cpp(1181,141): warning C4244:         ]
C:\Users\Future\Downloads\MyGit\sp-project\ConsoleApplication1\Main.cpp(1181,106): warning C4244: 'argument': conversion from 'double' to 'T', possible loss of data
C:\Users\Future\Downloads\MyGit\sp-project\ConsoleApplication1\Main.cpp(1181,106): warning C4244:         with
C:\Users\Future\Downloads\MyGit\sp-project\ConsoleApplication1\Main.cpp(1181,106): warning C4244:         [
C:\Users\Future\Downloads\MyGit\sp-project\ConsoleApplication1\Main.cpp(1181,106): warning C4244:             T=int
C:\Users\Future\Downloads\MyGit\sp-project\ConsoleApplication1\Main.cpp(1181,106): warning C4244:         ]
C:\Users\Future\Downloads\MyGit\sp-project\ConsoleApplication1\Main.cpp(1186,140): warning C4244: 'argument': conversion from 'double' to 'T', possible loss of data
C:\Users\Future\Downloads\MyGit\sp-project\ConsoleApplication1\Main.cpp(1186,140): warning C4244:         with
C:\Users\Future\Downloads\MyGit\sp-project\ConsoleApplication1\Main.cpp(1186,140): warning C4244:         [
C:\Users\Future\Downloads\MyGit\sp-project\ConsoleApplication1\Main.cpp(1186,140): warning C4244:             T=int
C:\Users\Future\Downloads\MyGit\sp-project\ConsoleApplication1\Main.cpp(1186,140): warning C4244:         ]
C:\Users\Future\Downloads\MyGit\sp-project\ConsoleApplication1\Main.cpp(1186,105): warning C4244: 'argument': conversion from 'double' to 'T', possible loss of data
C:\Users\Future\Downloads\MyGit\sp-project\ConsoleApplication1\Main.cpp(1186,105): warning C4244:         with
C:\Users\Future\Downloads\MyGit\sp-project\ConsoleApplication1\Main.cpp(1186,105): warning C4244:         [
C:\Users\Future\Downloads\MyGit\sp-project\ConsoleApplication1\Main.cpp(1186,105): warning C4244:             T=int
C:\Users\Future\Downloads\MyGit\sp-project\ConsoleApplication1\Main.cpp(1186,105): warning C4244:         ]
C:\Users\Future\Downloads\MyGit\sp-project\ConsoleApplication1\Main.cpp(1191,140): warning C4244: 'argument': conversion from 'double' to 'T', possible loss of data
C:\Users\Future\Downloads\MyGit\sp-project\ConsoleApplication1\Main.cpp(1191,140): warning C4244:         with
C:\Users\Future\Downloads\MyGit\sp-project\ConsoleApplication1\Main.cpp(1191,140): warning C4244:         [
C:\Users\Future\Downloads\MyGit\sp-project\ConsoleApplication1\Main.cpp(1191,140): warning C4244:             T=int
C:\Users\Future\Downloads\MyGit\sp-project\ConsoleApplication1\Main.cpp(1191,140): warning C4244:         ]
C:\Users\Future\Downloads\MyGit\sp-project\ConsoleApplication1\Main.cpp(1191,105): warning C4244: 'argument': conversion from 'double' to 'T', possible loss of data
C:\Users\Future\Downloads\MyGit\sp-project\ConsoleApplication1\Main.cpp(1191,105): warning C4244:         with
C:\Users\Future\Downloads\MyGit\sp-project\ConsoleApplication1\Main.cpp(1191,105): warning C4244:         [
C:\Users\Future\Downloads\MyGit\sp-project\ConsoleApplication1\Main.cpp(1191,105): warning C4244:             T=int
C:\Users\Future\Downloads\MyGit\sp-project\ConsoleApplication1\Main.cpp(1191,105): warning C4244:         ]
C:\Users\Future\Downloads\MyGit\sp-project\ConsoleApplication1\Main.cpp(1196,141): warning C4244: 'argument': conversion from 'double' to 'T', possible loss of data
C:\Users\Future\Downloads\MyGit\sp-project\ConsoleApplication1\Main.cpp(1196,141): warning C4244:         with
C:\Users\Future\Downloads\MyGit\sp-project\ConsoleApplication1\Main.cpp(1196,141): warning C4244:         [
C:\Users\Future\Downloads\MyGit\sp-project\ConsoleApplication1\Main.cpp(1196,141): warning C4244:             T=int
C:\Users\Future\Downloads\MyGit\sp-project\ConsoleApplication1\Main.cpp(1196,141): warning C4244:         ]
C:\Users\Future\Downloads\MyGit\sp-project\ConsoleApplication1\Main.cpp(1196,106): warning C4244: 'argument': conversion from 'double' to 'T', possible loss of data
C:\Users\Future\Downloads\MyGit\sp-project\ConsoleApplication1\Main.cpp(1196,106): warning C4244:         with
C:\Users\Future\Downloads\MyGit\sp-project\ConsoleApplication1\Main.cpp(1196,106): warning C4244:         [
C:\Users\Future\Downloads\MyGit\sp-project\ConsoleApplication1\Main.cpp(1196,106): warning C4244:             T=int
C:\Users\Future\Downloads\MyGit\sp-project\ConsoleApplication1\Main.cpp(1196,106): warning C4244:         ]
C:\Users\Future\Downloads\MyGit\sp-project\ConsoleApplication1\Main.cpp(1201,140): warning C4244: 'argument': conversion from 'double' to 'T', possible loss of data
C:\Users\Future\Downloads\MyGit\sp-project\ConsoleApplication1\Main.cpp(1201,140): warning C4244:         with
C:\Users\Future\Downloads\MyGit\sp-project\ConsoleApplication1\Main.cpp(1201,140): warning C4244:         [
C:\Users\Future\Downloads\MyGit\sp-project\ConsoleApplication1\Main.cpp(1201,140): warning C4244:             T=int
C:\Users\Future\Downloads\MyGit\sp-project\ConsoleApplication1\Main.cpp(1201,140): warning C4244:         ]
C:\Users\Future\Downloads\MyGit\sp-project\ConsoleApplication1\Main.cpp(1201,105): warning C4244: 'argument': conversion from 'double' to 'T', possible loss of data
C:\Users\Future\Downloads\MyGit\sp-project\ConsoleApplication1\Main.cpp(1201,105): warning C4244:         with
C:\Users\Future\Downloads\MyGit\sp-project\ConsoleApplication1\Main.cpp(1201,105): warning C4244:         [
C:\Users\Future\Downloads\MyGit\sp-project\ConsoleApplication1\Main.cpp(1201,105): warning C4244:             T=int
C:\Users\Future\Downloads\MyGit\sp-project\ConsoleApplication1\Main.cpp(1201,105): warning C4244:         ]
C:\Users\Future\Downloads\MyGit\sp-project\ConsoleApplication1\Main.cpp(1206,140): warning C4244: 'argument': conversion from 'double' to 'T', possible loss of data
C:\Users\Future\Downloads\MyGit\sp-project\ConsoleApplication1\Main.cpp(1206,140): warning C4244:         with
C:\Users\Future\Downloads\MyGit\sp-project\ConsoleApplication1\Main.cpp(1206,140): warning C4244:         [
C:\Users\Future\Downloads\MyGit\sp-project\ConsoleApplication1\Main.cpp(1206,140): warning C4244:             T=int
C:\Users\Future\Downloads\MyGit\sp-project\ConsoleApplication1\Main.cpp(1206,140): warning C4244:         ]
C:\Users\Future\Downloads\MyGit\sp-project\ConsoleApplication1\Main.cpp(1206,105): warning C4244: 'argument': conversion from 'double' to 'T', possible loss of data
C:\Users\Future\Downloads\MyGit\sp-project\ConsoleApplication1\Main.cpp(1206,105): warning C4244:         with
C:\Users\Future\Downloads\MyGit\sp-project\ConsoleApplication1\Main.cpp(1206,105): warning C4244:         [
C:\Users\Future\Downloads\MyGit\sp-project\ConsoleApplication1\Main.cpp(1206,105): warning C4244:             T=int
C:\Users\Future\Downloads\MyGit\sp-project\ConsoleApplication1\Main.cpp(1206,105): warning C4244:         ]
C:\Users\Future\Downloads\MyGit\sp-project\ConsoleApplication1\Main.cpp(1211,140): warning C4244: 'argument': conversion from 'double' to 'T', possible loss of data
C:\Users\Future\Downloads\MyGit\sp-project\ConsoleApplication1\Main.cpp(1211,140): warning C4244:         with
C:\Users\Future\Downloads\MyGit\sp-project\ConsoleApplication1\Main.cpp(1211,140): warning C4244:         [
C:\Users\Future\Downloads\MyGit\sp-project\ConsoleApplication1\Main.cpp(1211,140): warning C4244:             T=int
C:\Users\Future\Downloads\MyGit\sp-project\ConsoleApplication1\Main.cpp(1211,140): warning C4244:         ]
C:\Users\Future\Downloads\MyGit\sp-project\ConsoleApplication1\Main.cpp(1211,105): warning C4244: 'argument': conversion from 'double' to 'T', possible loss of data
C:\Users\Future\Downloads\MyGit\sp-project\ConsoleApplication1\Main.cpp(1211,105): warning C4244:         with
C:\Users\Future\Downloads\MyGit\sp-project\ConsoleApplication1\Main.cpp(1211,105): warning C4244:         [
C:\Users\Future\Downloads\MyGit\sp-project\ConsoleApplication1\Main.cpp(1211,105): warning C4244:             T=int
C:\Users\Future\Downloads\MyGit\sp-project\ConsoleApplication1\Main.cpp(1211,105): warning C4244:         ]
C:\Users\Future\Downloads\MyGit\sp-project\ConsoleApplication1\Main.cpp(1441,24): warning C4244: 'initializing': conversion from 'double' to 'float', possible loss of data
C:\Users\Future\Downloads\MyGit\sp-project\ConsoleApplication1\Main.cpp(1451,34): warning C4244: 'initializing': conversion from 'double' to 'float', possible loss of data
C:\Users\Future\Downloads\MyGit\sp-project\ConsoleApplication1\Main.cpp(1520,32): warning C4244: 'initializing': conversion from 'double' to 'float', possible loss of data
C:\Users\Future\Downloads\MyGit\sp-project\ConsoleApplication1\Main.cpp(1612,15): warning C4244: 'argument': conversion from 'time_t' to 'unsigned int', possible loss of data
C:\Users\Future\Downloads\MyGit\sp-project\ConsoleApplication1\Main.cpp(1914,40): warning C4305: 'argument': truncation from 'double' to 'float'
C:\Users\Future\Downloads\MyGit\sp-project\ConsoleApplication1\Main.cpp(1914,35): warning C4305: 'argument': truncation from 'double' to 'float'
C:\Users\Future\Downloads\MyGit\sp-project\ConsoleApplication1\Main.cpp(1915,40): warning C4305: 'argument': truncation from 'double' to 'float'
C:\Users\Future\Downloads\MyGit\sp-project\ConsoleApplication1\Main.cpp(1915,35): warning C4305: 'argument': truncation from 'double' to 'float'
C:\Users\Future\Downloads\MyGit\sp-project\ConsoleApplication1\Main.cpp(1967,45): warning C4305: '-=': truncation from 'double' to 'float'
C:\Users\Future\Downloads\MyGit\sp-project\ConsoleApplication1\Main.cpp(1992,121): warning C4244: 'argument': conversion from 'T' to 'float', possible loss of data
C:\Users\Future\Downloads\MyGit\sp-project\ConsoleApplication1\Main.cpp(1992,121): warning C4244:         with
C:\Users\Future\Downloads\MyGit\sp-project\ConsoleApplication1\Main.cpp(1992,121): warning C4244:         [
C:\Users\Future\Downloads\MyGit\sp-project\ConsoleApplication1\Main.cpp(1992,121): warning C4244:             T=unsigned int
C:\Users\Future\Downloads\MyGit\sp-project\ConsoleApplication1\Main.cpp(1992,121): warning C4244:         ]
C:\Users\Future\Downloads\MyGit\sp-project\ConsoleApplication1\Main.cpp(1992,83): warning C4244: 'argument': conversion from 'T' to 'float', possible loss of data
C:\Users\Future\Downloads\MyGit\sp-project\ConsoleApplication1\Main.cpp(1992,83): warning C4244:         with
C:\Users\Future\Downloads\MyGit\sp-project\ConsoleApplication1\Main.cpp(1992,83): warning C4244:         [
C:\Users\Future\Downloads\MyGit\sp-project\ConsoleApplication1\Main.cpp(1992,83): warning C4244:             T=unsigned int
C:\Users\Future\Downloads\MyGit\sp-project\ConsoleApplication1\Main.cpp(1992,83): warning C4244:         ]
C:\Users\Future\Downloads\MyGit\sp-project\ConsoleApplication1\Main.cpp(2073,126): warning C4244: 'argument': conversion from 'T' to 'float', possible loss of data
C:\Users\Future\Downloads\MyGit\sp-project\ConsoleApplication1\Main.cpp(2073,126): warning C4244:         with
C:\Users\Future\Downloads\MyGit\sp-project\ConsoleApplication1\Main.cpp(2073,126): warning C4244:         [
C:\Users\Future\Downloads\MyGit\sp-project\ConsoleApplication1\Main.cpp(2073,126): warning C4244:             T=unsigned int
C:\Users\Future\Downloads\MyGit\sp-project\ConsoleApplication1\Main.cpp(2073,126): warning C4244:         ]
C:\Users\Future\Downloads\MyGit\sp-project\ConsoleApplication1\Main.cpp(2073,83): warning C4244: 'argument': conversion from 'T' to 'float', possible loss of data
C:\Users\Future\Downloads\MyGit\sp-project\ConsoleApplication1\Main.cpp(2073,83): warning C4244:         with
C:\Users\Future\Downloads\MyGit\sp-project\ConsoleApplication1\Main.cpp(2073,83): warning C4244:         [
C:\Users\Future\Downloads\MyGit\sp-project\ConsoleApplication1\Main.cpp(2073,83): warning C4244:             T=unsigned int
C:\Users\Future\Downloads\MyGit\sp-project\ConsoleApplication1\Main.cpp(2073,83): warning C4244:         ]
C:\Users\Future\Downloads\MyGit\sp-project\ConsoleApplication1\Main.cpp(2081,126): warning C4244: 'argument': conversion from 'T' to 'float', possible loss of data
C:\Users\Future\Downloads\MyGit\sp-project\ConsoleApplication1\Main.cpp(2081,126): warning C4244:         with
C:\Users\Future\Downloads\MyGit\sp-project\ConsoleApplication1\Main.cpp(2081,126): warning C4244:         [
C:\Users\Future\Downloads\MyGit\sp-project\ConsoleApplication1\Main.cpp(2081,126): warning C4244:             T=unsigned int
C:\Users\Future\Downloads\MyGit\sp-project\ConsoleApplication1\Main.cpp(2081,126): warning C4244:         ]
C:\Users\Future\Downloads\MyGit\sp-project\ConsoleApplication1\Main.cpp(2081,83): warning C4244: 'argument': conversion from 'T' to 'float', possible loss of data
C:\Users\Future\Downloads\MyGit\sp-project\ConsoleApplication1\Main.cpp(2081,83): warning C4244:         with
C:\Users\Future\Downloads\MyGit\sp-project\ConsoleApplication1\Main.cpp(2081,83): warning C4244:         [
C:\Users\Future\Downloads\MyGit\sp-project\ConsoleApplication1\Main.cpp(2081,83): warning C4244:             T=unsigned int
C:\Users\Future\Downloads\MyGit\sp-project\ConsoleApplication1\Main.cpp(2081,83): warning C4244:         ]
C:\Users\Future\Downloads\MyGit\sp-project\ConsoleApplication1\Main.cpp(2147,31): warning C4305: 'argument': truncation from 'double' to 'float'
C:\Users\Future\Downloads\MyGit\sp-project\ConsoleApplication1\Main.cpp(2147,26): warning C4305: 'argument': truncation from 'double' to 'float'
C:\Users\Future\Downloads\MyGit\sp-project\ConsoleApplication1\Main.cpp(2155,34): warning C4305: 'argument': truncation from 'double' to 'float'
C:\Users\Future\Downloads\MyGit\sp-project\ConsoleApplication1\Main.cpp(2155,29): warning C4305: 'argument': truncation from 'double' to 'float'
C:\Users\Future\Downloads\MyGit\sp-project\ConsoleApplication1\Main.cpp(2163,37): warning C4305: 'argument': truncation from 'double' to 'float'
C:\Users\Future\Downloads\MyGit\sp-project\ConsoleApplication1\Main.cpp(2163,32): warning C4305: 'argument': truncation from 'double' to 'float'
C:\Users\Future\Downloads\MyGit\sp-project\ConsoleApplication1\Main.cpp(2171,30): warning C4305: 'argument': truncation from 'double' to 'float'
C:\Users\Future\Downloads\MyGit\sp-project\ConsoleApplication1\Main.cpp(2171,25): warning C4305: 'argument': truncation from 'double' to 'float'
C:\Users\Future\Downloads\MyGit\sp-project\ConsoleApplication1\Main.cpp(2179,33): warning C4305: 'argument': truncation from 'double' to 'float'
C:\Users\Future\Downloads\MyGit\sp-project\ConsoleApplication1\Main.cpp(2179,28): warning C4305: 'argument': truncation from 'double' to 'float'
C:\Users\Future\Downloads\MyGit\sp-project\ConsoleApplication1\Main.cpp(2189,35): warning C4305: 'argument': truncation from 'double' to 'float'
C:\Users\Future\Downloads\MyGit\sp-project\ConsoleApplication1\Main.cpp(2189,30): warning C4305: 'argument': truncation from 'double' to 'float'
C:\Users\Future\Downloads\MyGit\sp-project\ConsoleApplication1\Main.cpp(2195,33): warning C4305: 'argument': truncation from 'double' to 'float'
C:\Users\Future\Downloads\MyGit\sp-project\ConsoleApplication1\Main.cpp(2195,28): warning C4305: 'argument': truncation from 'double' to 'float'
C:\Users\Future\Downloads\MyGit\sp-project\ConsoleApplication1\Main.cpp(2199,39): warning C4305: 'argument': truncation from 'double' to 'float'
C:\Users\Future\Downloads\MyGit\sp-project\ConsoleApplication1\Main.cpp(2199,33): warning C4305: 'argument': truncation from 'double' to 'float'
C:\Users\Future\Downloads\MyGit\sp-project\ConsoleApplication1\Main.cpp(2215,31): warning C4305: 'argument': truncation from 'double' to 'float'
C:\Users\Future\Downloads\MyGit\sp-project\ConsoleApplication1\Main.cpp(2215,25): warning C4305: 'argument': truncation from 'double' to 'float'
C:\Users\Future\Downloads\MyGit\sp-project\ConsoleApplication1\Main.cpp(2322,30): warning C4305: 'argument': truncation from 'double' to 'float'
C:\Users\Future\Downloads\MyGit\sp-project\ConsoleApplication1\Main.cpp(2322,24): warning C4305: 'argument': truncation from 'double' to 'float'
C:\Users\Future\Downloads\MyGit\sp-project\ConsoleApplication1\Main.cpp(2329,26): warning C4244: '-=': conversion from 'float' to 'int', possible loss of data
C:\Users\Future\Downloads\MyGit\sp-project\ConsoleApplication1\Main.cpp(2463,48): warning C4244: 'argument': conversion from 'double' to 'T', possible loss of data
C:\Users\Future\Downloads\MyGit\sp-project\ConsoleApplication1\Main.cpp(2463,48): warning C4244:         with
C:\Users\Future\Downloads\MyGit\sp-project\ConsoleApplication1\Main.cpp(2463,48): warning C4244:         [
C:\Users\Future\Downloads\MyGit\sp-project\ConsoleApplication1\Main.cpp(2463,48): warning C4244:             T=int
C:\Users\Future\Downloads\MyGit\sp-project\ConsoleApplication1\Main.cpp(2463,48): warning C4244:         ]
C:\Users\Future\Downloads\MyGit\sp-project\ConsoleApplication1\Main.cpp(2467,48): warning C4244: 'argument': conversion from 'double' to 'T', possible loss of data
C:\Users\Future\Downloads\MyGit\sp-project\ConsoleApplication1\Main.cpp(2467,48): warning C4244:         with
C:\Users\Future\Downloads\MyGit\sp-project\ConsoleApplication1\Main.cpp(2467,48): warning C4244:         [
C:\Users\Future\Downloads\MyGit\sp-project\ConsoleApplication1\Main.cpp(2467,48): warning C4244:             T=int
C:\Users\Future\Downloads\MyGit\sp-project\ConsoleApplication1\Main.cpp(2467,48): warning C4244:         ]
C:\Users\Future\Downloads\MyGit\sp-project\ConsoleApplication1\Main.cpp(2471,49): warning C4244: 'argument': conversion from 'double' to 'T', possible loss of data
C:\Users\Future\Downloads\MyGit\sp-project\ConsoleApplication1\Main.cpp(2471,49): warning C4244:         with
C:\Users\Future\Downloads\MyGit\sp-project\ConsoleApplication1\Main.cpp(2471,49): warning C4244:         [
C:\Users\Future\Downloads\MyGit\sp-project\ConsoleApplication1\Main.cpp(2471,49): warning C4244:             T=int
C:\Users\Future\Downloads\MyGit\sp-project\ConsoleApplication1\Main.cpp(2471,49): warning C4244:         ]
C:\Users\Future\Downloads\MyGit\sp-project\ConsoleApplication1\Main.cpp(2475,49): warning C4244: 'argument': conversion from 'double' to 'T', possible loss of data
C:\Users\Future\Downloads\MyGit\sp-project\ConsoleApplication1\Main.cpp(2475,49): warning C4244:         with
C:\Users\Future\Downloads\MyGit\sp-project\ConsoleApplication1\Main.cpp(2475,49): warning C4244:         [
C:\Users\Future\Downloads\MyGit\sp-project\ConsoleApplication1\Main.cpp(2475,49): warning C4244:             T=int
C:\Users\Future\Downloads\MyGit\sp-project\ConsoleApplication1\Main.cpp(2475,49): warning C4244:         ]
C:\Users\Future\Downloads\MyGit\sp-project\ConsoleApplication1\Main.cpp(2483,49): warning C4244: 'argument': conversion from 'double' to 'T', possible loss of data
C:\Users\Future\Downloads\MyGit\sp-project\ConsoleApplication1\Main.cpp(2483,49): warning C4244:         with
C:\Users\Future\Downloads\MyGit\sp-project\ConsoleApplication1\Main.cpp(2483,49): warning C4244:         [
C:\Users\Future\Downloads\MyGit\sp-project\ConsoleApplication1\Main.cpp(2483,49): warning C4244:             T=int
C:\Users\Future\Downloads\MyGit\sp-project\ConsoleApplication1\Main.cpp(2483,49): warning C4244:         ]
C:\Users\Future\Downloads\MyGit\sp-project\ConsoleApplication1\Main.cpp(2487,49): warning C4244: 'argument': conversion from 'double' to 'T', possible loss of data
C:\Users\Future\Downloads\MyGit\sp-project\ConsoleApplication1\Main.cpp(2487,49): warning C4244:         with
C:\Users\Future\Downloads\MyGit\sp-project\ConsoleApplication1\Main.cpp(2487,49): warning C4244:         [
C:\Users\Future\Downloads\MyGit\sp-project\ConsoleApplication1\Main.cpp(2487,49): warning C4244:             T=int
C:\Users\Future\Downloads\MyGit\sp-project\ConsoleApplication1\Main.cpp(2487,49): warning C4244:         ]
C:\Users\Future\Downloads\MyGit\sp-project\ConsoleApplication1\Main.cpp(2491,49): warning C4244: 'argument': conversion from 'double' to 'T', possible loss of data
C:\Users\Future\Downloads\MyGit\sp-project\ConsoleApplication1\Main.cpp(2491,49): warning C4244:         with
C:\Users\Future\Downloads\MyGit\sp-project\ConsoleApplication1\Main.cpp(2491,49): warning C4244:         [
C:\Users\Future\Downloads\MyGit\sp-project\ConsoleApplication1\Main.cpp(2491,49): warning C4244:             T=int
C:\Users\Future\Downloads\MyGit\sp-project\ConsoleApplication1\Main.cpp(2491,49): warning C4244:         ]
C:\Users\Future\Downloads\MyGit\sp-project\ConsoleApplication1\Main.cpp(2533,54): warning C4305: 'argument': truncation from 'double' to 'float'
C:\Users\Future\Downloads\MyGit\sp-project\ConsoleApplication1\Main.cpp(2533,42): warning C4305: 'argument': truncation from 'double' to 'float'
C:\Users\Future\Downloads\MyGit\sp-project\ConsoleApplication1\Main.cpp(2724,31): warning C4305: 'argument': truncation from 'double' to 'float'
C:\Users\Future\Downloads\MyGit\sp-project\ConsoleApplication1\Main.cpp(2724,24): warning C4305: 'argument': truncation from 'double' to 'float'
C:\Users\Future\Downloads\MyGit\sp-project\ConsoleApplication1\Main.cpp(2730,33): warning C4305: 'argument': truncation from 'double' to 'float'
C:\Users\Future\Downloads\MyGit\sp-project\ConsoleApplication1\Main.cpp(2730,26): warning C4305: 'argument': truncation from 'double' to 'float'
C:\Users\Future\Downloads\MyGit\sp-project\ConsoleApplication1\Main.cpp(2740,30): warning C4305: 'argument': truncation from 'double' to 'float'
C:\Users\Future\Downloads\MyGit\sp-project\ConsoleApplication1\Main.cpp(2740,25): warning C4305: 'argument': truncation from 'double' to 'float'
C:\Users\Future\Downloads\MyGit\sp-project\ConsoleApplication1\Main.cpp(2745,36): warning C4305: 'argument': truncation from 'double' to 'float'
C:\Users\Future\Downloads\MyGit\sp-project\ConsoleApplication1\Main.cpp(2745,31): warning C4305: 'argument': truncation from 'double' to 'float'
C:\Users\Future\Downloads\MyGit\sp-project\ConsoleApplication1\Main.cpp(2751,28): warning C4305: 'argument': truncation from 'double' to 'float'
C:\Users\Future\Downloads\MyGit\sp-project\ConsoleApplication1\Main.cpp(2751,23): warning C4305: 'argument': truncation from 'double' to 'float'
C:\Users\Future\Downloads\MyGit\sp-project\ConsoleApplication1\Main.cpp(2757,26): warning C4305: 'argument': truncation from 'double' to 'float'
C:\Users\Future\Downloads\MyGit\sp-project\ConsoleApplication1\Main.cpp(2757,21): warning C4305: 'argument': truncation from 'double' to 'float'
C:\Users\Future\Downloads\MyGit\sp-project\ConsoleApplication1\Main.cpp(2770,42): warning C4244: 'argument': conversion from 'int' to 'float', possible loss of data
C:\Users\Future\Downloads\MyGit\sp-project\ConsoleApplication1\Main.cpp(2887,48): warning C4244: '-=': conversion from 'float' to 'int', possible loss of data
C:\Users\Future\Downloads\MyGit\sp-project\ConsoleApplication1\Main.cpp(2960,41): warning C4244: '=': conversion from 'double' to 'float', possible loss of data
C:\Users\Future\Downloads\MyGit\sp-project\ConsoleApplication1\Main.cpp(3029,28): warning C4305: 'argument': truncation from 'double' to 'float'
C:\Users\Future\Downloads\MyGit\sp-project\ConsoleApplication1\Main.cpp(3032,35): warning C4305: 'argument': truncation from 'double' to 'float'
C:\Users\Future\Downloads\MyGit\sp-project\ConsoleApplication1\Main.cpp(3032,30): warning C4305: 'argument': truncation from 'double' to 'float'
C:\Users\Future\Downloads\MyGit\sp-project\ConsoleApplication1\Main.cpp(3189,20): warning C4267: 'initializing': conversion from 'size_t' to 'int', possible loss of data
C:\Users\Future\Downloads\MyGit\sp-project\ConsoleApplication1\Main.cpp(3866,45): warning C4244: 'argument': conversion from 'int' to 'float', possible loss of data
  ConsoleApplication1.vcxproj -> C:\Users\Future\Downloads\MyGit\sp-project\x64\Debug\SFML Template.exe
